2021-04-19 01:38:49,337 INFO sqlalchemy.engine.Engine select version()
2021-04-19 01:38:49,337 INFO sqlalchemy.engine.Engine [raw sql] ()
2021-04-19 01:38:49,345 INFO sqlalchemy.engine.Engine select current_schema()
2021-04-19 01:38:49,345 INFO sqlalchemy.engine.Engine [raw sql] ()
2021-04-19 01:38:49,354 INFO sqlalchemy.engine.Engine show standard_conforming_strings
2021-04-19 01:38:49,354 INFO sqlalchemy.engine.Engine [raw sql] ()
2021-04-19 01:38:49,360 INFO sqlalchemy.engine.Engine BEGIN (implicit)
2021-04-19 01:38:49,360 INFO sqlalchemy.engine.Engine select relname from pg_class c join pg_namespace n on n.oid=c.relnamespace where pg_catalog.pg_table_is_visible(c.oid) and relname=%s
2021-04-19 01:38:49,361 INFO sqlalchemy.engine.Engine [generated in 0.00022s] ('posts',)
2021-04-19 01:38:49,367 INFO sqlalchemy.engine.Engine select relname from pg_class c join pg_namespace n on n.oid=c.relnamespace where pg_catalog.pg_table_is_visible(c.oid) and relname=%s
2021-04-19 01:38:49,367 INFO sqlalchemy.engine.Engine [cached since 0.006384s ago] ('comments',)
2021-04-19 01:38:49,369 INFO sqlalchemy.engine.Engine
DROP TABLE comments
2021-04-19 01:38:49,369 INFO sqlalchemy.engine.Engine [no key 0.00011s] ()
2021-04-19 01:38:49,374 INFO sqlalchemy.engine.Engine
DROP TABLE posts
2021-04-19 01:38:49,375 INFO sqlalchemy.engine.Engine [no key 0.00011s] ()
2021-04-19 01:38:49,379 INFO sqlalchemy.engine.Engine select relname from pg_class c join pg_namespace n on n.oid=c.relnamespace where pg_catalog.pg_table_is_visible(c.oid) and relname=%s
2021-04-19 01:38:49,379 INFO sqlalchemy.engine.Engine [cached since 0.01898s ago] ('posts',)
2021-04-19 01:38:49,384 INFO sqlalchemy.engine.Engine select relname from pg_class c join pg_namespace n on n.oid=c.relnamespace where pg_catalog.pg_table_is_visible(c.oid) and relname=%s
2021-04-19 01:38:49,384 INFO sqlalchemy.engine.Engine [cached since 0.024s ago] ('comments',)
2021-04-19 01:38:49,387 INFO sqlalchemy.engine.Engine
CREATE TABLE posts (
	id SERIAL NOT NULL,
	data VARCHAR,
	create_date TIMESTAMP WITHOUT TIME ZONE DEFAULT now(),
	PRIMARY KEY (id)
)


2021-04-19 01:38:49,387 INFO sqlalchemy.engine.Engine [no key 0.00010s] ()
2021-04-19 01:38:49,401 INFO sqlalchemy.engine.Engine
CREATE TABLE comments (
	id SERIAL NOT NULL,
	post_id INTEGER,
	data VARCHAR,
	PRIMARY KEY (id),
	FOREIGN KEY(post_id) REFERENCES posts (id)
)


2021-04-19 01:38:49,401 INFO sqlalchemy.engine.Engine [no key 0.00011s] ()
2021-04-19 01:38:49,418 INFO sqlalchemy.engine.Engine COMMIT
2021-04-19 01:38:49,903 INFO sqlalchemy.engine.Engine BEGIN (implicit)
2021-04-19 01:38:49,905 INFO sqlalchemy.engine.Engine INSERT INTO posts (id, data) VALUES (%s, %s) RETURNING posts.create_date
2021-04-19 01:38:49,905 INFO sqlalchemy.engine.Engine [generated in 0.00020s] (1, 'Post 1')
2021-04-19 01:38:49,913 INFO sqlalchemy.engine.Engine INSERT INTO posts (id, data) VALUES (%s, %s) RETURNING posts.create_date
2021-04-19 01:38:49,914 INFO sqlalchemy.engine.Engine [cached since 0.00889s ago] (2, 'Post 2')
2021-04-19 01:38:49,917 INFO sqlalchemy.engine.Engine INSERT INTO posts (id, data) VALUES (%s, %s) RETURNING posts.create_date
2021-04-19 01:38:49,917 INFO sqlalchemy.engine.Engine [cached since 0.01231s ago] (3, 'Post 3')
2021-04-19 01:38:49,923 INFO sqlalchemy.engine.Engine INSERT INTO comments (id, post_id, data) VALUES (%s, %s, %s)
2021-04-19 01:38:49,924 INFO sqlalchemy.engine.Engine [generated in 0.00032s] ((1, 1, 'some comment'), (2, 1, 'some comment'))
2021-04-19 01:38:49,932 INFO sqlalchemy.engine.Engine COMMIT

Process finished with exit code 0
